<?xml version="1.0" encoding="utf-8"?><testsuites name="pytest tests"><testsuite name="pytest" errors="0" failures="0" skipped="0" tests="22" time="7.990" timestamp="2026-04-22T11:07:46.778310+00:00" hostname="agent-env-080c7bef-ab4c-4b7c-b250-cfac95dcb9dd"><testcase classname="backend.tests.test_raku_backend.TestAuth" name="test_me_unauthenticated_401" time="0.207" /><testcase classname="backend.tests.test_raku_backend.TestAuth" name="test_me_authenticated_200" time="0.111" /><testcase classname="backend.tests.test_raku_backend.TestAuth" name="test_session_invalid_session_id" time="0.205" /><testcase classname="backend.tests.test_raku_backend.TestAuth" name="test_logout_clears_session" time="0.380" /><testcase classname="backend.tests.test_raku_backend.TestProtectedGating" name="test_returns_401_unauthenticated[/auth/me-GET]" time="0.167" /><testcase classname="backend.tests.test_raku_backend.TestProtectedGating" name="test_returns_401_unauthenticated[/me-GET]" time="0.104" /><testcase classname="backend.tests.test_raku_backend.TestProtectedGating" name="test_returns_401_unauthenticated[/today-GET]" time="0.104" /><testcase classname="backend.tests.test_raku_backend.TestProtectedGating" name="test_returns_401_unauthenticated[/calendar-GET]" time="0.110" /><testcase classname="backend.tests.test_raku_backend.TestProtectedGating" name="test_returns_401_unauthenticated[/tasks-GET]" time="0.111" /><testcase classname="backend.tests.test_raku_backend.TestProtectedGating" name="test_returns_401_unauthenticated[/integrations-GET]" time="0.134" /><testcase classname="backend.tests.test_raku_backend.TestProtectedGating" name="test_chat_unauthenticated_401" time="0.104" /><testcase classname="backend.tests.test_raku_backend.TestProtectedGating" name="test_assignments_import_unauthenticated_401" time="0.123" /><testcase classname="backend.tests.test_raku_backend.TestProtectedGating" name="test_tasks_post_unauthenticated_401" time="0.123" /><testcase classname="backend.tests.test_raku_backend.TestTodayAutoSeed" name="test_today_seeds_for_new_user" time="0.126" /><testcase classname="backend.tests.test_raku_backend.TestIntegrations" name="test_list_integrations_scoped" time="0.106" /><testcase classname="backend.tests.test_raku_backend.TestIntegrations" name="test_google_sync_mock_adds_event_and_live" time="0.218" /><testcase classname="backend.tests.test_raku_backend.TestIntegrations" name="test_notion_sync_mock_adds_task" time="0.208" /><testcase classname="backend.tests.test_raku_backend.TestIntegrations" name="test_oauth_google_connect_503" time="0.102" /><testcase classname="backend.tests.test_raku_backend.TestIsolation" name="test_tasks_isolated_between_users" time="0.434" /><testcase classname="backend.tests.test_raku_backend.TestTasksCRUD" name="test_create_update_delete_task" time="0.318" /><testcase classname="backend.tests.test_raku_backend.TestChat" name="test_chat_persists_message" time="4.085" /><testcase classname="backend.tests.test_raku_backend.TestAssignmentsImport" name="test_import_authenticated" time="0.252" /></testsuite></testsuites>