<?xml version="1.0" encoding="utf-8"?><testsuites name="pytest tests"><testsuite name="pytest" errors="0" failures="0" skipped="0" tests="14" time="6.010" timestamp="2026-04-22T10:34:02.298700+00:00" hostname="agent-env-080c7bef-ab4c-4b7c-b250-cfac95dcb9dd"><testcase classname="backend.tests.test_raku_backend.TestUser" name="test_get_me" time="0.273" /><testcase classname="backend.tests.test_raku_backend.TestUser" name="test_patch_me_accent_and_vibe" time="0.103" /><testcase classname="backend.tests.test_raku_backend.TestToday" name="test_today" time="0.048" /><testcase classname="backend.tests.test_raku_backend.TestCalendar" name="test_calendar" time="0.045" /><testcase classname="backend.tests.test_raku_backend.TestTasksCRUD" name="test_list_tasks" time="0.045" /><testcase classname="backend.tests.test_raku_backend.TestTasksCRUD" name="test_create_task" time="0.106" /><testcase classname="backend.tests.test_raku_backend.TestTasksCRUD" name="test_update_task_status" time="0.049" /><testcase classname="backend.tests.test_raku_backend.TestTasksCRUD" name="test_delete_task" time="0.102" /><testcase classname="backend.tests.test_raku_backend.TestAssignmentImport" name="test_import_and_dedupe" time="0.143" /><testcase classname="backend.tests.test_raku_backend.TestIntegrations" name="test_list_integrations" time="0.054" /><testcase classname="backend.tests.test_raku_backend.TestIntegrations" name="test_sync_google_calendar" time="0.048" /><testcase classname="backend.tests.test_raku_backend.TestIntegrations" name="test_sync_notion" time="0.059" /><testcase classname="backend.tests.test_raku_backend.TestIntegrations" name="test_disconnect_integration" time="0.098" /><testcase classname="backend.tests.test_raku_backend.TestChat" name="test_chat_send_and_replay" time="4.749" /></testsuite></testsuites>